<?xml version="1.0" encoding="UTF-8"?>
<!-- Generated by org.testng.reporters.JUnitXMLReporter -->
<testsuite ignored="0" hostname="LAPTOP-00TCO18I" failures="0" tests="3" name="Default test" time="2.823" errors="0" timestamp="2025-06-19T09:53:12 IST">
  <testcase classname="API_Testing.RestAssured.Dynamic" name="AddBook" time="2.197"/>
  <testcase classname="API_Testing.RestAssured.Dynamic" name="AddBook" time="0.391"/>
  <testcase classname="API_Testing.RestAssured.Dynamic" name="AddBook" time="0.186"/>
</testsuite> <!-- Default test -->
